Arguments: 
  /usr/local/bin/node /usr/local/bin/yarn add @11ty/elevent@next

PATH: 
  /Users/jesse/.gem/bin:/opt/homebrew/sbin:/Users/jesse/bin:/opt/homebrew/bin:/usr/local/bin:/usr/local/bin:/usr/bin:/bin:/usr/sbin:/sbin:/Library/Apple/usr/bin:/Users/jesse/.gem/bin:/opt/homebrew/sbin:/Users/jesse/bin:/opt/homebrew/bin:/Users/jesse/.cargo/bin:/Users/jesse/Library/Android/sdk/emulator:/Users/jesse/Library/Android/sdk/tools:/Users/jesse/Library/Android/sdk/tools/bin:/Users/jesse/Library/Android/sdk/platform-tools:/Users/jesse/Library/Android/sdk/emulator:/Users/jesse/Library/Android/sdk/tools:/Users/jesse/Library/Android/sdk/tools/bin:/Users/jesse/Library/Android/sdk/platform-tools

Yarn version: 
  1.22.11

Node version: 
  14.17.3

Platform: 
  darwin x64

Trace: 
  Error: https://registry.yarnpkg.com/@11ty%2felevent: Not found
      at Request.params.callback [as _callback] (/usr/local/lib/node_modules/yarn/lib/cli.js:66992:18)
      at Request.self.callback (/usr/local/lib/node_modules/yarn/lib/cli.js:140763:22)
      at Request.emit (events.js:375:28)
      at Request.<anonymous> (/usr/local/lib/node_modules/yarn/lib/cli.js:141735:10)
      at Request.emit (events.js:375:28)
      at IncomingMessage.<anonymous> (/usr/local/lib/node_modules/yarn/lib/cli.js:141657:12)
      at Object.onceWrapper (events.js:481:28)
      at IncomingMessage.emit (events.js:387:35)
      at endReadableNT (internal/streams/readable.js:1317:12)
      at processTicksAndRejections (internal/process/task_queues.js:82:21)

npm manifest: 
  {
    "dependencies": {
      "@sanity/cli": "^2.18.0",
      "global": "^4.4.0"
    }
  }

yarn manifest: 
  No manifest

Lockfile: 
  # THIS IS AN AUTOGENERATED FILE. DO NOT EDIT THIS FILE DIRECTLY.
  # yarn lockfile v1
  
  
  "@sanity/cli@^2.18.0":
    version "2.18.0"
    resolved "https://registry.yarnpkg.com/@sanity/cli/-/cli-2.18.0.tgz#ed01951b6d3945e98738477e97cd1f3fe4e61ff2"
    integrity sha512-IgHpL8xCFpRbmFUTQDHbpZnlK0nTqoabz6RMnbXo6osFbhDeKZQZMZLlQiE4DFnbFJlDtZgfhQhXi0fcXf78Jw==
  
  dom-walk@^0.1.0:
    version "0.1.2"
    resolved "https://registry.yarnpkg.com/dom-walk/-/dom-walk-0.1.2.tgz#0c548bef048f4d1f2a97249002236060daa3fd84"
    integrity sha512-6QvTW9mrGeIegrFXdtQi9pk7O/nSK6lSdXW2eqUspN5LWD7UTji2Fqw5V2YLjBpHEoU9Xl/eUWNpDeZvoyOv2w==
  
  global@^4.4.0:
    version "4.4.0"
    resolved "https://registry.yarnpkg.com/global/-/global-4.4.0.tgz#3e7b105179006a323ed71aafca3e9c57a5cc6406"
    integrity sha512-wv/LAoHdRE3BeTGz53FAamhGlPLhlssK45usmGFThIi4XqnBmjKQ16u+RNbP7WvigRZDxUsM0J3gcQ5yicaL0w==
    dependencies:
      min-document "^2.19.0"
      process "^0.11.10"
  
  min-document@^2.19.0:
    version "2.19.0"
    resolved "https://registry.yarnpkg.com/min-document/-/min-document-2.19.0.tgz#7bd282e3f5842ed295bb748cdd9f1ffa2c824685"
    integrity sha1-e9KC4/WELtKVu3SM3Z8f+iyCRoU=
    dependencies:
      dom-walk "^0.1.0"
  
  process@^0.11.10:
    version "0.11.10"
    resolved "https://registry.yarnpkg.com/process/-/process-0.11.10.tgz#7332300e840161bda3e69a1d1d91a7d4bc16f182"
    integrity sha1-czIwDoQBYb2j5podHZGn1LwW8YI=
